<?xml version="1.0" encoding="UTF-8"?>
<testsuite xmlns:xsi="http://www.w3.org/2001/XMLSchema-instance" xsi:noNamespaceSchemaLocation="https://maven.apache.org/surefire/maven-surefire-plugin/xsd/surefire-test-report-3.0.xsd" version="3.0" name="com.mycompany.studentmanagementsystem.StudentTest" time="0.098" tests="4" errors="0" skipped="0" failures="0">
  <properties>
[...]
</properties>
  <testcase name="testUpdateStudentGradeSuccess" classname="com.mycompany.studentmanagementsystem.StudentTest" time="0.034"/>
  <testcase name="testGetStudentId" classname="com.mycompany.studentmanagementsystem.StudentTest" time="0.002"/>
  <testcase name="testUpdateStudentGradeFailure" classname="com.mycompany.studentmanagementsystem.StudentTest" time="0.002"/>
  <testcase name="testSetAndGetStudentGrade" classname="com.mycompany.studentmanagementsystem.StudentTest" time="0.001"/>
</testsuite>